{
  "RSpec": {
    "coverage": {
      "/Users/NNS/Dropbox/Projects/bank_tech_test/spec/account_spec.rb": [
        1,
        null,
        1,
        null,
        1,
        8,
        null,
        1,
        2,
        1,
        1,
        null,
        null,
        1,
        2,
        1,
        1,
        1,
        null,
        null,
        1,
        2,
        1,
        2,
        null,
        1,
        1,
        1,
        1,
        null,
        null,
        null
      ],
      "/Users/NNS/Dropbox/Projects/bank_tech_test/lib/account.rb": [
        1,
        1,
        null,
        1,
        null,
        1,
        7,
        7,
        null,
        null,
        1,
        3,
        null,
        null,
        1,
        2,
        2,
        null,
        null,
        1,
        2,
        1,
        1,
        null,
        null,
        1,
        0,
        null,
        null,
        1,
        null,
        1,
        3,
        null,
        null,
        null
      ],
      "/Users/NNS/Dropbox/Projects/bank_tech_test/lib/statement.rb": [
        1,
        null,
        1,
        0,
        null,
        null,
        1,
        0,
        null,
        null,
        1,
        0,
        null,
        null,
        null
      ],
      "/Users/NNS/Dropbox/Projects/bank_tech_test/lib/transaction.rb": [
        1,
        null,
        1,
        3,
        null,
        null,
        1,
        0,
        null,
        null,
        null
      ],
      "/Users/NNS/Dropbox/Projects/bank_tech_test/spec/features/print_statement_spec.rb": [
        1,
        null,
        1,
        null,
        2,
        null,
        2,
        null,
        1,
        1,
        2,
        null,
        null,
        null,
        null
      ],
      "/Users/NNS/Dropbox/Projects/bank_tech_test/lib/print_statement.rb": [
        1,
        null,
        1,
        1,
        null,
        null,
        1,
        1,
        6,
        null,
        null,
        null
      ],
      "/Users/NNS/Dropbox/Projects/bank_tech_test/spec/transaction_spec.rb": [
        null,
        null,
        null,
        null,
        null,
        null,
        null,
        null,
        null,
        null,
        null,
        null
      ],
      "/Users/NNS/Dropbox/Projects/bank_tech_test/spec/user_input_spec.rb": [
        1,
        null,
        1,
        null,
        1,
        1,
        null,
        null,
        1,
        1,
        1,
        null,
        null,
        1,
        1,
        null,
        null,
        1,
        1,
        null,
        null
      ]
    },
    "timestamp": 1474361420
  }
}
